<?xml version="1.0" encoding="UTF-8"?>
<!-- Generated by org.testng.reporters.JUnitXMLReporter -->
<testsuite ignored="0" hostname="LTIN191294" failures="1" tests="1" name="Test" time="28.969" errors="0" timestamp="2024-02-06T10:23:32 IST">
  <testcase classname="testCases.TC_002_AccountLoginTest" name="verify_login" time="10.191">
    <failure type="java.lang.AssertionError" message="null">
      <![CDATA[java.lang.AssertionError: null
at testCases.TC_002_AccountLoginTest.verify_login(TC_002_AccountLoginTest.java:53)
at java.base/java.util.ArrayList.forEach(ArrayList.java:1511)
... Removed 33 stack frames]]>
    </failure>
  </testcase> <!-- verify_login -->
</testsuite> <!-- Test -->
