<?xml version="1.0" encoding="UTF-8"?>
<testng-results ignored="0" total="2" passed="2" failed="0" skipped="0">
  <reporter-output>
  </reporter-output>
  <suite started-at="2024-02-04T17:01:21 IST" name="Suite" finished-at="2024-02-04T17:03:02 IST" duration-ms="101003">
    <groups>
      <group name="regression">
        <method signature="TC_001_AccountRegistrationTest.verify_account_registration()[pri:0, instance:testCases.TC_001_AccountRegistrationTest@3668d4]" name="verify_account_registration" class="testCases.TC_001_AccountRegistrationTest"/>
      </group> <!-- regression -->
      <group name="sanity">
        <method signature="TC_002_AccountLoginTest.verify_login()[pri:0, instance:testCases.TC_002_AccountLoginTest@4097cac]" name="verify_login" class="testCases.TC_002_AccountLoginTest"/>
      </group> <!-- sanity -->
      <group name="master">
        <method signature="TC_001_AccountRegistrationTest.verify_account_registration()[pri:0, instance:testCases.TC_001_AccountRegistrationTest@3668d4]" name="verify_account_registration" class="testCases.TC_001_AccountRegistrationTest"/>
        <method signature="TC_002_AccountLoginTest.verify_login()[pri:0, instance:testCases.TC_002_AccountLoginTest@4097cac]" name="verify_login" class="testCases.TC_002_AccountLoginTest"/>
      </group> <!-- master -->
    </groups>
    <test started-at="2024-02-04T17:01:21 IST" name="Test" finished-at="2024-02-04T17:03:02 IST" duration-ms="101003">
      <class name="testCases.TC_001_AccountRegistrationTest">
        <test-method is-config="true" signature="setup(java.lang.String,java.lang.String)[pri:0, instance:testCases.TC_001_AccountRegistrationTest@3668d4]" started-at="2024-02-04T17:01:23 IST" name="setup" finished-at="2024-02-04T17:01:46 IST" duration-ms="23711" status="PASS">
          <params>
            <param index="0">
              <value>
                <![CDATA[Windows]]>
              </value>
            </param>
            <param index="1">
              <value>
                <![CDATA[chrome]]>
              </value>
            </param>
          </params>
          <reporter-output>
          </reporter-output>
        </test-method> <!-- setup -->
        <test-method signature="verify_account_registration()[pri:0, instance:testCases.TC_001_AccountRegistrationTest@3668d4]" started-at="2024-02-04T17:01:46 IST" name="verify_account_registration" finished-at="2024-02-04T17:01:54 IST" duration-ms="7976" status="PASS">
          <reporter-output>
          </reporter-output>
        </test-method> <!-- verify_account_registration -->
        <test-method is-config="true" signature="tearDown()[pri:0, instance:testCases.TC_001_AccountRegistrationTest@3668d4]" started-at="2024-02-04T17:01:55 IST" name="tearDown" finished-at="2024-02-04T17:01:59 IST" duration-ms="4325" status="PASS">
          <reporter-output>
          </reporter-output>
        </test-method> <!-- tearDown -->
      </class> <!-- testCases.TC_001_AccountRegistrationTest -->
      <class name="testCases.TC_002_AccountLoginTest">
        <test-method is-config="true" signature="setup(java.lang.String,java.lang.String)[pri:0, instance:testCases.TC_002_AccountLoginTest@4097cac]" started-at="2024-02-04T17:01:59 IST" name="setup" finished-at="2024-02-04T17:02:33 IST" duration-ms="34627" status="PASS">
          <params>
            <param index="0">
              <value>
                <![CDATA[Windows]]>
              </value>
            </param>
            <param index="1">
              <value>
                <![CDATA[chrome]]>
              </value>
            </param>
          </params>
          <reporter-output>
          </reporter-output>
        </test-method> <!-- setup -->
        <test-method signature="verify_login()[pri:0, instance:testCases.TC_002_AccountLoginTest@4097cac]" started-at="2024-02-04T17:02:33 IST" name="verify_login" finished-at="2024-02-04T17:03:00 IST" duration-ms="26532" status="PASS">
          <reporter-output>
          </reporter-output>
        </test-method> <!-- verify_login -->
        <test-method is-config="true" signature="tearDown()[pri:0, instance:testCases.TC_002_AccountLoginTest@4097cac]" started-at="2024-02-04T17:03:00 IST" name="tearDown" finished-at="2024-02-04T17:03:02 IST" duration-ms="2407" status="PASS">
          <reporter-output>
          </reporter-output>
        </test-method> <!-- tearDown -->
      </class> <!-- testCases.TC_002_AccountLoginTest -->
    </test> <!-- Test -->
  </suite> <!-- Suite -->
</testng-results>
